<?xml version='1.0' encoding='UTF-8' ?>
<testsuite name="com.example.andfree_hw1.ExampleInstrumentedTest" tests="1" failures="0" errors="0" skipped="0" time="0.0" timestamp="2021-07-06T08:18:56" hostname="localhost">
  <properties>
    <property name="device" value="Pixel_XL_API_30(AVD) - 11" />
    <property name="flavor" value="" />
    <property name="project" value="app" />
  </properties>
  <testcase name="useAppContext" classname="com.example.andfree_hw1.ExampleInstrumentedTest" time="0.0" />
</testsuite>